# JRE version: OpenJDK Runtime Environment (11.0.10) (build 11.0.10+0-b96-7249189)
# Java VM: OpenJDK 64-Bit Server VM (11.0.10+0-b96-7249189, mixed mode, tiered, compressed oops, g1 gc, windows-amd64)
Heap:
 garbage-first heap   total 765952K, used 245397K [0x0000000080000000, 0x0000000100000000)
  region size 1024K, 3 young (3072K), 3 survivors (3072K)
 Metaspace       used 164844K, capacity 170854K, committed 171520K, reserved 1198080K
  class space    used 20098K, capacity 22253K, committed 22604K, reserved 1048576K
GC Heap History (20 events):
Event: 19282.625 GC heap after
{Heap after GC invocations=308 (full 2):
 garbage-first heap   total 549888K, used 251061K [0x0000000080000000, 0x0000000100000000)
  region size 1024K, 10 young (10240K), 10 survivors (10240K)
 Metaspace       used 164904K, capacity 171072K, committed 171520K, reserved 1198080K
  class space    used 20145K, capacity 22345K, committed 22604K, reserved 1048576K
}
Event: 19283.894 GC heap before
{Heap before GC invocations=309 (full 2):
 garbage-first heap   total 549888K, used 406709K [0x0000000080000000, 0x0000000100000000)
  region size 1024K, 163 young (166912K), 10 survivors (10240K)
 Metaspace       used 164740K, capacity 170693K, committed 171520K, reserved 1198080K
  class space    used 20093K, capacity 22244K, committed 22604K, reserved 1048576K
}
Event: 19283.910 GC heap after
{Heap after GC invocations=310 (full 2):
 garbage-first heap   total 549888K, used 255729K [0x0000000080000000, 0x0000000100000000)
  region size 1024K, 14 young (14336K), 14 survivors (14336K)
 Metaspace       used 164740K, capacity 170693K, committed 171520K, reserved 1198080K
  class space    used 20093K, capacity 22244K, committed 22604K, reserved 1048576K
}
Event: 19283.925 GC heap before
{Heap before GC invocations=310 (full 2):
 garbage-first heap   total 549888K, used 268017K [0x0000000080000000, 0x0000000100000000)
  region size 1024K, 26 young (26624K), 14 survivors (14336K)
 Metaspace       used 164740K, capacity 170693K, committed 171520K, reserved 1198080K
  class space    used 20093K, capacity 22244K, committed 22604K, reserved 1048576K
}
Event: 19283.979 GC heap after
{Heap after GC invocations=311 (full 2):
 garbage-first heap   total 549888K, used 240198K [0x0000000080000000, 0x0000000100000000)
  region size 1024K, 4 young (4096K), 4 survivors (4096K)
 Metaspace       used 164740K, capacity 170693K, committed 171520K, reserved 1198080K
  class space    used 20093K, capacity 22244K, committed 22604K, reserved 1048576K
}
Event: 19284.352 GC heap before
{Heap before GC invocations=311 (full 2):
 garbage-first heap   total 549888K, used 409158K [0x0000000080000000, 0x0000000100000000)
  region size 1024K, 170 young (174080K), 4 survivors (4096K)
 Metaspace       used 164760K, capacity 170766K, committed 171520K, reserved 1198080K
  class space    used 20094K, capacity 22247K, committed 22604K, reserved 1048576K
}
Event: 19284.365 GC heap after
{Heap after GC invocations=312 (full 2):
 garbage-first heap   total 549888K, used 244026K [0x0000000080000000, 0x0000000100000000)
  region size 1024K, 8 young (8192K), 8 survivors (8192K)
 Metaspace       used 164760K, capacity 170766K, committed 171520K, reserved 1198080K
  class space    used 20094K, capacity 22247K, committed 22604K, reserved 1048576K
}
Event: 19285.036 GC heap before
{Heap before GC invocations=313 (full 2):
 garbage-first heap   total 549888K, used 419130K [0x0000000080000000, 0x0000000100000000)
  region size 1024K, 180 young (184320K), 8 survivors (8192K)
 Metaspace       used 164793K, capacity 170781K, committed 171520K, reserved 1198080K
  class space    used 20096K, capacity 22251K, committed 22604K, reserved 1048576K
}
Event: 19285.057 GC heap after
{Heap after GC invocations=314 (full 2):
 garbage-first heap   total 549888K, used 248592K [0x0000000080000000, 0x0000000100000000)
  region size 1024K, 12 young (12288K), 12 survivors (12288K)
 Metaspace       used 164793K, capacity 170781K, committed 171520K, reserved 1198080K
  class space    used 20096K, capacity 22251K, committed 22604K, reserved 1048576K
}
Event: 19285.132 GC heap before
{Heap before GC invocations=314 (full 2):
 garbage-first heap   total 549888K, used 264976K [0x0000000080000000, 0x0000000100000000)
  region size 1024K, 28 young (28672K), 12 survivors (12288K)
 Metaspace       used 164793K, capacity 170781K, committed 171520K, reserved 1198080K
  class space    used 20096K, capacity 22251K, committed 22604K, reserved 1048576K
}
Event: 19285.206 GC heap after
{Heap after GC invocations=315 (full 2):
 garbage-first heap   total 549888K, used 235744K [0x0000000080000000, 0x0000000100000000)
  region size 1024K, 2 young (2048K), 2 survivors (2048K)
 Metaspace       used 164793K, capacity 170781K, committed 171520K, reserved 1198080K
  class space    used 20096K, capacity 22251K, committed 22604K, reserved 1048576K
}
Event: 19285.627 GC heap before
{Heap before GC invocations=315 (full 2):
 garbage-first heap   total 549888K, used 424160K [0x0000000080000000, 0x0000000100000000)
  region size 1024K, 187 young (191488K), 2 survivors (2048K)
 Metaspace       used 164801K, capacity 170781K, committed 171520K, reserved 1198080K
  class space    used 20096K, capacity 22251K, committed 22604K, reserved 1048576K
}
Event: 19285.647 GC heap after
{Heap after GC invocations=316 (full 2):
 garbage-first heap   total 549888K, used 240466K [0x0000000080000000, 0x0000000100000000)
  region size 1024K, 7 young (7168K), 7 survivors (7168K)
 Metaspace       used 164801K, capacity 170781K, committed 171520K, reserved 1198080K
  class space    used 20096K, capacity 22251K, committed 22604K, reserved 1048576K
}
Event: 19286.096 GC heap before
{Heap before GC invocations=316 (full 2):
 garbage-first heap   total 549888K, used 432978K [0x0000000080000000, 0x0000000100000000)
  region size 1024K, 196 young (200704K), 7 survivors (7168K)
 Metaspace       used 164809K, capacity 170788K, committed 171520K, reserved 1198080K
  class space    used 20098K, capacity 22253K, committed 22604K, reserved 1048576K
}
Event: 19286.153 GC heap after
{Heap after GC invocations=317 (full 2):
 garbage-first heap   total 549888K, used 251989K [0x0000000080000000, 0x0000000100000000)
  region size 1024K, 18 young (18432K), 18 survivors (18432K)
 Metaspace       used 164809K, capacity 170788K, committed 171520K, reserved 1198080K
  class space    used 20098K, capacity 22253K, committed 22604K, reserved 1048576K
}
Event: 19286.498 GC heap before
{Heap before GC invocations=318 (full 2):
 garbage-first heap   total 549888K, used 441429K [0x0000000080000000, 0x0000000100000000)
  region size 1024K, 203 young (207872K), 18 survivors (18432K)
 Metaspace       used 164827K, capacity 170789K, committed 171520K, reserved 1198080K
  class space    used 20098K, capacity 22253K, committed 22604K, reserved 1048576K
}
Event: 19286.522 GC heap after
{Heap after GC invocations=319 (full 2):
 garbage-first heap   total 549888K, used 256070K [0x0000000080000000, 0x0000000100000000)
  region size 1024K, 17 young (17408K), 17 survivors (17408K)
 Metaspace       used 164827K, capacity 170789K, committed 171520K, reserved 1198080K
  class space    used 20098K, capacity 22253K, committed 22604K, reserved 1048576K
}
Event: 19286.542 GC heap before
{Heap before GC invocations=319 (full 2):
 garbage-first heap   total 549888K, used 265286K [0x0000000080000000, 0x0000000100000000)
  region size 1024K, 26 young (26624K), 17 survivors (17408K)
 Metaspace       used 164827K, capacity 170789K, committed 171520K, reserved 1198080K
  class space    used 20098K, capacity 22253K, committed 22604K, reserved 1048576K
}
Event: 19286.598 GC heap after
{Heap after GC invocations=320 (full 2):
 garbage-first heap   total 549888K, used 245771K [0x0000000080000000, 0x0000000100000000)
  region size 1024K, 3 young (3072K), 3 survivors (3072K)
 Metaspace       used 164827K, capacity 170789K, committed 171520K, reserved 1198080K
  class space    used 20098K, capacity 22253K, committed 22604K, reserved 1048576K
}
Event: 19286.997 GC heap before
{Heap before GC invocations=320 (full 2):
 garbage-first heap   total 549888K, used 446475K [0x0000000080000000, 0x0000000100000000)
  region size 1024K, 199 young (203776K), 3 survivors (3072K)
 Metaspace       used 164844K, capacity 170854K, committed 171520K, reserved 1198080K
  class space    used 20098K, capacity 22253K, committed 22604K, reserved 1048576K
}

